<?xml version="1.0" encoding="UTF-8"?>
<!-- Generated by org.testng.reporters.JUnitXMLReporter -->
<testsuite hostname="DESKTOP-I73UVPN" name="Include 2 Classes Groups Test" tests="3" failures="3" timestamp="2 Feb 2020 22:49:26 GMT" time="0.154" errors="0">
  <testcase name="isSelectedOptionTest" time="0.038" classname="ie.murph.testautomationu.webdriver_automation.dropdown.DropdownTest">
    <failure type="java.lang.NullPointerException">
      <![CDATA[java.lang.NullPointerException
	at ie.murph.testautomationu.webdriver_automation.dropdown.DropdownTest.isSelectedOptionTest(DropdownTest.java:44)
... Removed 24 stack frames]]>
    </failure>
  </testcase> <!-- isSelectedOptionTest -->
  <testcase name="selectedOptionTest" time="0.0" classname="ie.murph.testautomationu.webdriver_automation.dropdown.DropdownTest">
    <failure type="java.lang.NullPointerException">
      <![CDATA[java.lang.NullPointerException
	at ie.murph.testautomationu.webdriver_automation.dropdown.DropdownTest.selectedOptionTest(DropdownTest.java:50)
... Removed 24 stack frames]]>
    </failure>
  </testcase> <!-- selectedOptionTest -->
  <testcase name="backSpaceTest" time="0.078" classname="ie.murph.testautomationu.webdriver_automation.keypress.KeyPressTest">
    <failure type="java.lang.NullPointerException">
      <![CDATA[java.lang.NullPointerException
	at ie.murph.testautomationu.webdriver_automation.keypress.KeyPressTest.backSpaceTest(KeyPressTest.java:34)
... Removed 24 stack frames]]>
    </failure>
  </testcase> <!-- backSpaceTest -->
</testsuite> <!-- Include 2 Classes Groups Test -->
