<?xml version="1.0" encoding="UTF-8"?>
<testng-results skipped="0" failed="1" total="1" passed="0">
  <reporter-output>
  </reporter-output>
  <suite name="Default suite" duration-ms="11982" started-at="2020-02-11T22:20:08Z" finished-at="2020-02-11T22:20:20Z">
    <groups>
      <group name="smoke">
        <method signature="HorizontalSliderTest.sliderTest()[pri:1, instance:ie.murph.testautomationu.webdriver_automation.slider.HorizontalSliderTest@6ea6d14e]" name="sliderTest" class="ie.murph.testautomationu.webdriver_automation.slider.HorizontalSliderTest"/>
      </group> <!-- smoke -->
    </groups>
    <test name="Default test" duration-ms="11982" started-at="2020-02-11T22:20:08Z" finished-at="2020-02-11T22:20:20Z">
      <class name="ie.murph.testautomationu.webdriver_automation.slider.HorizontalSliderTest">
        <test-method status="PASS" signature="setUp()[pri:0, instance:ie.murph.testautomationu.webdriver_automation.slider.HorizontalSliderTest@6ea6d14e]" name="setUp" is-config="true" duration-ms="7848" started-at="2020-02-11T22:20:08Z" finished-at="2020-02-11T22:20:16Z">
          <reporter-output>
          </reporter-output>
        </test-method> <!-- setUp -->
        <test-method status="PASS" signature="gotoHorizontalSliderPage()[pri:0, instance:ie.murph.testautomationu.webdriver_automation.slider.HorizontalSliderTest@6ea6d14e]" name="gotoHorizontalSliderPage" is-config="true" duration-ms="340" started-at="2020-02-11T22:20:16Z" finished-at="2020-02-11T22:20:16Z">
          <reporter-output>
          </reporter-output>
        </test-method> <!-- gotoHorizontalSliderPage -->
        <test-method status="PASS" signature="pushSlider()[pri:0, instance:ie.murph.testautomationu.webdriver_automation.slider.HorizontalSliderTest@6ea6d14e]" name="pushSlider" is-config="true" duration-ms="1" started-at="2020-02-11T22:20:16Z" finished-at="2020-02-11T22:20:16Z">
          <reporter-output>
          </reporter-output>
        </test-method> <!-- pushSlider -->
        <test-method status="FAIL" signature="sliderTest()[pri:1, instance:ie.murph.testautomationu.webdriver_automation.slider.HorizontalSliderTest@6ea6d14e]" name="sliderTest" duration-ms="162" started-at="2020-02-11T22:20:16Z" finished-at="2020-02-11T22:20:16Z">
          <exception class="java.lang.AssertionError">
            <message>
              <![CDATA[expected [1] but found [0.5]]]>
            </message>
            <full-stacktrace>
              <![CDATA[java.lang.AssertionError: expected [1] but found [0.5]
	at org.testng.Assert.fail(Assert.java:94)
	at org.testng.Assert.failNotEquals(Assert.java:513)
	at org.testng.Assert.assertEqualsImpl(Assert.java:135)
	at org.testng.Assert.assertEquals(Assert.java:116)
	at org.testng.Assert.assertEquals(Assert.java:190)
	at org.testng.Assert.assertEquals(Assert.java:200)
	at ie.murph.testautomationu.webdriver_automation.slider.HorizontalSliderTest.sliderTest(HorizontalSliderTest.java:35)
	at sun.reflect.NativeMethodAccessorImpl.invoke0(Native Method)
	at sun.reflect.NativeMethodAccessorImpl.invoke(Unknown Source)
	at sun.reflect.DelegatingMethodAccessorImpl.invoke(Unknown Source)
	at java.lang.reflect.Method.invoke(Unknown Source)
	at org.testng.internal.MethodInvocationHelper.invokeMethod(MethodInvocationHelper.java:86)
	at org.testng.internal.Invoker.invokeMethod(Invoker.java:645)
	at org.testng.internal.Invoker.invokeTestMethod(Invoker.java:822)
	at org.testng.internal.Invoker.invokeTestMethods(Invoker.java:1130)
	at org.testng.internal.TestMethodWorker.invokeTestMethods(TestMethodWorker.java:129)
	at org.testng.internal.TestMethodWorker.run(TestMethodWorker.java:112)
	at org.testng.TestRunner.privateRun(TestRunner.java:782)
	at org.testng.TestRunner.run(TestRunner.java:632)
	at org.testng.SuiteRunner.runTest(SuiteRunner.java:366)
	at org.testng.SuiteRunner.runSequentially(SuiteRunner.java:361)
	at org.testng.SuiteRunner.privateRun(SuiteRunner.java:319)
	at org.testng.SuiteRunner.run(SuiteRunner.java:268)
	at org.testng.SuiteRunnerWorker.runSuite(SuiteRunnerWorker.java:52)
	at org.testng.SuiteRunnerWorker.run(SuiteRunnerWorker.java:86)
	at org.testng.TestNG.runSuitesSequentially(TestNG.java:1244)
	at org.testng.TestNG.runSuitesLocally(TestNG.java:1169)
	at org.testng.TestNG.run(TestNG.java:1064)
	at org.testng.remote.RemoteTestNG.run(RemoteTestNG.java:113)
	at org.testng.remote.RemoteTestNG.initAndRun(RemoteTestNG.java:206)
	at org.testng.remote.RemoteTestNG.main(RemoteTestNG.java:177)
]]>
            </full-stacktrace>
          </exception> <!-- java.lang.AssertionError -->
          <reporter-output>
          </reporter-output>
        </test-method> <!-- sliderTest -->
        <test-method status="PASS" signature="teardown()[pri:0, instance:ie.murph.testautomationu.webdriver_automation.slider.HorizontalSliderTest@6ea6d14e]" name="teardown" is-config="true" duration-ms="3619" started-at="2020-02-11T22:20:16Z" finished-at="2020-02-11T22:20:20Z">
          <reporter-output>
          </reporter-output>
        </test-method> <!-- teardown -->
      </class> <!-- ie.murph.testautomationu.webdriver_automation.slider.HorizontalSliderTest -->
    </test> <!-- Default test -->
  </suite> <!-- Default suite -->
</testng-results>
